(---------------------------------------------------------------------)
(                                                                     )
(    Parameter File READ                                              )
(                                                                     )
(    Drawing          : vibration.brd                                 )
(    Software Version : 16.6-2015S065                                 )
(    Date/Time        : Sat Apr 23 08:48:32 2016                      )
(                                                                     )
(---------------------------------------------------------------------)


	Paramfile Name : E:/cadence lib/parameters.prm
	Layout Name   : vibration.brd

Reading...parameter_header:
Reading...db_common_type:
Reading...grid_parms_type:
	WARNING: The value of element <etchcount> is not equal to the number of 
		   user defined subclass under ETCH class. 

Reading...UnusedPadsSuppressionSettings:
Reading...color_table_table:
Reading...text_size_table:
Reading...placement_parameter_type:
Reading...ats_parm_type:
Reading...ifp_parm_type:
Reading...ministat_parm_type:
Reading...dynfill_parm_type:


..... Total number of errors: 0.
..... Total number of warnings: 1.
