(---------------------------------------------------------------------)
(                                                                     )
(    ARTWORK LOG                                                      )
(                                                                     )
(    Drawing          : vibration.brd                                 )
(    Software Version : 16.6-2015S066                                 )
(    Date/Time        : Thu Sep 08 11:39:56 2016                      )
(                                                                     )
(---------------------------------------------------------------------)


 ---- Photoplot outline rectangle not found; using drawing extents.



Results from parameter file ...
    DEVICE-TYPE           GERBER_RS274X
    OUTPUT-UNITS          INCHES
    FILM-SIZE             2400000 1600000
    FORMAT                2.5
    ABORT-ON-ERROR        NO
    SCALE                 1
    SUPPRESS-LEAD-ZEROES  YES
    SUPPRESS-TRAIL-ZEROES NO
    SUPPRESS-EQUAL        YES
    UNDEF-APT-CONT        NO



================================================================
     PROCESSING FILM < TOP >
     TO FILE < F:/Vibration/lool-Inds-Vibration/hardware/v2.0/pcb/TOP.art > ...
================================================================

  FILM PARAMETERS :
  ---------------------------------------------------------
  Undefined line width                1.000
  Mirror code                         NONE
  Rotate angle                        NONE
  Offset x:                           0.000
  Offset y:                           0.000
  Plot negative                       NO
  Suppress unconnected internal pads  NO
  Draw holes only                     NO

    WARNING: Segment with same start and end points at
	(395.999 1084.012) will be ignored. Increasing output
	accuracy may allow segment to be generated.

    WARNING: Segment with same start and end points at
	(1204.744 1682.744) will be ignored. Increasing output
	accuracy may allow segment to be generated.

    WARNING: Segment with same start and end points at
	(773.999 3280.000) will be ignored. Increasing output
	accuracy may allow segment to be generated.

    WARNING: Segment with same start and end points at
	(1473.999 3280.000) will be ignored. Increasing output
	accuracy may allow segment to be generated.

    WARNING: Segment with same start and end points at
	(2173.999 3280.000) will be ignored. Increasing output
	accuracy may allow segment to be generated.

    WARNING: Segment with same start and end points at
	(2873.999 3280.000) will be ignored. Increasing output
	accuracy may allow segment to be generated.

    WARNING: Segment with same start and end points at
	(403.000 2402.000) will be ignored. Increasing output
	accuracy may allow segment to be generated.



  APERTURES USED:
  ---------------------------------------------------------
  TYPE       SIZE/NAME                   ROT   MIRROR MODE 
  ---------------------------------------------------------
  CIRCLE     0.00394                                  DARK 
  CIRCLE     0.00800                                  DARK 
  CIRCLE     0.01000                                  DARK 
  CIRCLE     0.01200                                  DARK 
  CIRCLE     0.01500                                  DARK 
  CIRCLE     0.01600                                  DARK 
  CIRCLE     0.03543                                  DARK 
  CIRCLE     0.05906                                  DARK 
  CIRCLE     0.06299                                  DARK 
  CIRCLE     0.07087                                  DARK 
  CIRCLE     0.09449                                  DARK 
  CIRCLE     0.09842                                  DARK 
  SQUARE     0.03347                     0.000 NO     DARK 
  SQUARE     0.05906                     0.000 NO     DARK 
  SQUARE     0.06299                     0.000 NO     DARK 
  SQUARE     0.07087                     0.000 NO     DARK 
  SQUARE     0.09055                     0.000 NO     DARK 
  RECTANGLE  0.03543     x 0.02126       0.000 NO     DARK 
  RECTANGLE  0.03543     x 0.02126      90.000 NO     DARK 
  RECTANGLE  0.03937     x 0.02362       0.000 NO     DARK 
  RECTANGLE  0.03937     x 0.02362      90.000 NO     DARK 
  RECTANGLE  0.04134     x 0.02362       0.000 NO     DARK 
  RECTANGLE  0.04331     x 0.03150       0.000 NO     DARK 
  RECTANGLE  0.04528     x 0.02953      90.000 NO     DARK 
  RECTANGLE  0.05118     x 0.02165      90.000 NO     DARK 
  RECTANGLE  0.05512     x 0.02953       0.000 NO     DARK 
  RECTANGLE  0.05512     x 0.02953      90.000 NO     DARK 
  RECTANGLE  0.05512     x 0.04331       0.000 NO     DARK 
  RECTANGLE  0.05709     x 0.01772       0.000 NO     DARK 
  RECTANGLE  0.05906     x 0.01181       0.000 NO     DARK 
  RECTANGLE  0.05906     x 0.01181      90.000 NO     DARK 
  RECTANGLE  0.05906     x 0.01772       0.000 NO     DARK 
  RECTANGLE  0.06102     x 0.02362       0.000 NO     DARK 
  RECTANGLE  0.06102     x 0.02362      90.000 NO     DARK 
  RECTANGLE  0.06299     x 0.06299      90.000 NO     DARK 
  RECTANGLE  0.06496     x 0.02559       0.000 NO     DARK 
  RECTANGLE  0.06890     x 0.03937      90.000 NO     DARK 
  RECTANGLE  0.07283     x 0.06102      90.000 NO     DARK 
  RECTANGLE  0.07283     x 0.06496       0.000 NO     DARK 
  RECTANGLE  0.07677     x 0.02362      90.000 NO     DARK 
  RECTANGLE  0.08661     x 0.03740       0.000 NO     DARK 
  RECTANGLE  0.09055     x 0.07087       0.000 NO     DARK 
  RECTANGLE  0.09055     x 0.07087      90.000 NO     DARK 
  RECTANGLE  0.09842     x 0.09055       0.000 NO     DARK 
  RECTANGLE  0.12795     x 0.07874      90.000 NO     DARK 
  RECTANGLE  0.13583     x 0.09449      90.000 NO     DARK 
  RECTANGLE  0.13583     x 0.10039       0.000 NO     DARK 
  OBLONG     0.04921     x 0.02165      90.000 NO     DARK 
  OBLONG     0.05315     x 0.01772      90.000 NO     DARK 

     TOP created with warnings


================================================================
     PROCESSING FILM < GND >
     TO FILE < F:/Vibration/lool-Inds-Vibration/hardware/v2.0/pcb/GND.art > ...
================================================================

  FILM PARAMETERS :
  ---------------------------------------------------------
  Undefined line width                1.000
  Mirror code                         NONE
  Rotate angle                        NONE
  Offset x:                           0.000
  Offset y:                           0.000
  Plot negative                       NO
  Suppress unconnected internal pads  NO
  Draw holes only                     NO



  APERTURES USED:
  ---------------------------------------------------------
  TYPE       SIZE/NAME                   ROT   MIRROR MODE 
  ---------------------------------------------------------
  CIRCLE     0.00394                                  DARK 
  CIRCLE     0.01500                                  DARK 
  CIRCLE     0.01600                                  DARK 
  CIRCLE     0.03543                                  DARK 
  CIRCLE     0.05906                                  DARK 
  CIRCLE     0.06299                                  DARK 
  CIRCLE     0.07087                                  DARK 
  CIRCLE     0.09449                                  DARK 
  CIRCLE     0.09842                                  DARK 
  SQUARE     0.05906                     0.000 NO     DARK 
  SQUARE     0.07087                     0.000 NO     DARK 

     GND created.


================================================================
     PROCESSING FILM < POWER >
     TO FILE < F:/Vibration/lool-Inds-Vibration/hardware/v2.0/pcb/POWER.art > ...
================================================================

  FILM PARAMETERS :
  ---------------------------------------------------------
  Undefined line width                1.000
  Mirror code                         NONE
  Rotate angle                        NONE
  Offset x:                           0.000
  Offset y:                           0.000
  Plot negative                       NO
  Suppress unconnected internal pads  NO
  Draw holes only                     NO

    WARNING: Segment with same start and end points at
	(758.092 1520.984) will be ignored. Increasing output
	accuracy may allow segment to be generated.

    WARNING: Segment with same start and end points at
	(731.308 1528.034) will be ignored. Increasing output
	accuracy may allow segment to be generated.



  APERTURES USED:
  ---------------------------------------------------------
  TYPE       SIZE/NAME                   ROT   MIRROR MODE 
  ---------------------------------------------------------
  CIRCLE     0.00394                                  DARK 
  CIRCLE     0.01500                                  DARK 
  CIRCLE     0.01600                                  DARK 
  CIRCLE     0.03543                                  DARK 
  CIRCLE     0.05906                                  DARK 
  CIRCLE     0.06299                                  DARK 
  CIRCLE     0.07087                                  DARK 
  CIRCLE     0.09449                                  DARK 
  CIRCLE     0.09842                                  DARK 
  SQUARE     0.05906                     0.000 NO     DARK 
  SQUARE     0.07087                     0.000 NO     DARK 

     POWER created with warnings


================================================================
     PROCESSING FILM < BOTTOM >
     TO FILE < F:/Vibration/lool-Inds-Vibration/hardware/v2.0/pcb/BOTTOM.art > ...
================================================================

  FILM PARAMETERS :
  ---------------------------------------------------------
  Undefined line width                1.000
  Mirror code                         NONE
  Rotate angle                        NONE
  Offset x:                           0.000
  Offset y:                           0.000
  Plot negative                       NO
  Suppress unconnected internal pads  NO
  Draw holes only                     NO

    WARNING: Segment with same start and end points at
	(78.000 1258.973) will be ignored. Increasing output
	accuracy may allow segment to be generated.

    WARNING: Segment with same start and end points at
	(77.998 643.288) will be ignored. Increasing output
	accuracy may allow segment to be generated.

    WARNING: Segment with same start and end points at
	(310.269 626.729) will be ignored. Increasing output
	accuracy may allow segment to be generated.

    WARNING: Segment with same start and end points at
	(310.269 626.730) will be ignored. Increasing output
	accuracy may allow segment to be generated.

    WARNING: Segment with same start and end points at
	(883.024 2484.004) will be ignored. Increasing output
	accuracy may allow segment to be generated.

    WARNING: Segment with same start and end points at
	(955.932 2308.004) will be ignored. Increasing output
	accuracy may allow segment to be generated.

    WARNING: Segment with same start and end points at
	(793.164 2261.144) will be ignored. Increasing output
	accuracy may allow segment to be generated.

    WARNING: Segment with same start and end points at
	(962.560 2292.004) will be ignored. Increasing output
	accuracy may allow segment to be generated.

    WARNING: Segment with same start and end points at
	(889.652 2468.004) will be ignored. Increasing output
	accuracy may allow segment to be generated.

    WARNING: Segment with same start and end points at
	(896.280 2452.004) will be ignored. Increasing output
	accuracy may allow segment to be generated.

    WARNING: Segment with same start and end points at
	(395.998 1084.011) will be ignored. Increasing output
	accuracy may allow segment to be generated.

    WARNING: Segment with same start and end points at
	(982.444 2244.004) will be ignored. Increasing output
	accuracy may allow segment to be generated.

    WARNING: Segment with same start and end points at
	(841.164 2241.260) will be ignored. Increasing output
	accuracy may allow segment to be generated.

    WARNING: Segment with same start and end points at
	(949.304 2324.004) will be ignored. Increasing output
	accuracy may allow segment to be generated.

    WARNING: Segment with same start and end points at
	(777.164 2267.772) will be ignored. Increasing output
	accuracy may allow segment to be generated.

    WARNING: Segment with same start and end points at
	(761.164 2274.400) will be ignored. Increasing output
	accuracy may allow segment to be generated.

    WARNING: Segment with same start and end points at
	(929.416 2372.000) will be ignored. Increasing output
	accuracy may allow segment to be generated.

    WARNING: Segment with same start and end points at
	(922.792 2388.004) will be ignored. Increasing output
	accuracy may allow segment to be generated.

    WARNING: Segment with same start and end points at
	(713.164 2294.284) will be ignored. Increasing output
	accuracy may allow segment to be generated.

    WARNING: Segment with same start and end points at
	(916.164 2404.004) will be ignored. Increasing output
	accuracy may allow segment to be generated.

    WARNING: Segment with same start and end points at
	(697.164 2300.912) will be ignored. Increasing output
	accuracy may allow segment to be generated.

    WARNING: Segment with same start and end points at
	(681.164 2307.540) will be ignored. Increasing output
	accuracy may allow segment to be generated.



  APERTURES USED:
  ---------------------------------------------------------
  TYPE       SIZE/NAME                   ROT   MIRROR MODE 
  ---------------------------------------------------------
  CIRCLE     0.00394                                  DARK 
  CIRCLE     0.00800                                  DARK 
  CIRCLE     0.01500                                  DARK 
  CIRCLE     0.01600                                  DARK 
  CIRCLE     0.03543                                  DARK 
  CIRCLE     0.05906                                  DARK 
  CIRCLE     0.06299                                  DARK 
  CIRCLE     0.07087                                  DARK 
  CIRCLE     0.09449                                  DARK 
  CIRCLE     0.09842                                  DARK 
  SQUARE     0.05906                     0.000 NO     DARK 
  SQUARE     0.06299                     0.000 NO     DARK 
  SQUARE     0.07087                     0.000 NO     DARK 
  RECTANGLE  0.03543     x 0.02126       0.000 NO     DARK 
  RECTANGLE  0.03543     x 0.02126      90.000 NO     DARK 
  RECTANGLE  0.05512     x 0.02953       0.000 NO     DARK 
  RECTANGLE  0.05512     x 0.04331      90.000 NO     DARK 
  RECTANGLE  0.08661     x 0.03740       0.000 NO     DARK 

     BOTTOM created with warnings


================================================================
     PROCESSING FILM < SOLDERMASK_TOP >
     TO FILE < F:/Vibration/lool-Inds-Vibration/hardware/v2.0/pcb/SOLDERMASK_TOP.art > ...
================================================================

  FILM PARAMETERS :
  ---------------------------------------------------------
  Undefined line width                1.000
  Mirror code                         NONE
  Rotate angle                        NONE
  Offset x:                           0.000
  Offset y:                           0.000
  Plot negative                       NO
  Suppress unconnected internal pads  NO
  Draw holes only                     NO



  APERTURES USED:
  ---------------------------------------------------------
  TYPE       SIZE/NAME                   ROT   MIRROR MODE 
  ---------------------------------------------------------
  CIRCLE     0.03543                                  DARK 
  CIRCLE     0.05906                                  DARK 
  CIRCLE     0.06299                                  DARK 
  CIRCLE     0.07087                                  DARK 
  CIRCLE     0.09449                                  DARK 
  CIRCLE     0.09842                                  DARK 
  SQUARE     0.03347                     0.000 NO     DARK 
  SQUARE     0.05906                     0.000 NO     DARK 
  SQUARE     0.06299                     0.000 NO     DARK 
  SQUARE     0.07087                     0.000 NO     DARK 
  SQUARE     0.09055                     0.000 NO     DARK 
  RECTANGLE  0.03543     x 0.02126       0.000 NO     DARK 
  RECTANGLE  0.03543     x 0.02126      90.000 NO     DARK 
  RECTANGLE  0.03937     x 0.02362       0.000 NO     DARK 
  RECTANGLE  0.03937     x 0.02362      90.000 NO     DARK 
  RECTANGLE  0.04134     x 0.02362       0.000 NO     DARK 
  RECTANGLE  0.04331     x 0.03150       0.000 NO     DARK 
  RECTANGLE  0.04528     x 0.02953      90.000 NO     DARK 
  RECTANGLE  0.05118     x 0.02165      90.000 NO     DARK 
  RECTANGLE  0.05512     x 0.02953       0.000 NO     DARK 
  RECTANGLE  0.05512     x 0.02953      90.000 NO     DARK 
  RECTANGLE  0.05512     x 0.04331       0.000 NO     DARK 
  RECTANGLE  0.05709     x 0.01772       0.000 NO     DARK 
  RECTANGLE  0.05906     x 0.01181       0.000 NO     DARK 
  RECTANGLE  0.05906     x 0.01181      90.000 NO     DARK 
  RECTANGLE  0.05906     x 0.01772       0.000 NO     DARK 
  RECTANGLE  0.06102     x 0.02362       0.000 NO     DARK 
  RECTANGLE  0.06102     x 0.02362      90.000 NO     DARK 
  RECTANGLE  0.06299     x 0.06299      90.000 NO     DARK 
  RECTANGLE  0.06496     x 0.02559       0.000 NO     DARK 
  RECTANGLE  0.06890     x 0.03937      90.000 NO     DARK 
  RECTANGLE  0.07283     x 0.06102      90.000 NO     DARK 
  RECTANGLE  0.07283     x 0.06496       0.000 NO     DARK 
  RECTANGLE  0.07677     x 0.02362      90.000 NO     DARK 
  RECTANGLE  0.08661     x 0.03740       0.000 NO     DARK 
  RECTANGLE  0.09055     x 0.07087       0.000 NO     DARK 
  RECTANGLE  0.09055     x 0.07087      90.000 NO     DARK 
  RECTANGLE  0.09842     x 0.09055       0.000 NO     DARK 
  RECTANGLE  0.12795     x 0.07874      90.000 NO     DARK 
  RECTANGLE  0.13583     x 0.09449      90.000 NO     DARK 
  RECTANGLE  0.13583     x 0.10039       0.000 NO     DARK 
  OBLONG     0.04921     x 0.02165      90.000 NO     DARK 
  OBLONG     0.05315     x 0.01772      90.000 NO     DARK 

     SOLDERMASK_TOP created.


================================================================
     PROCESSING FILM < SOLDERMASK_BOTTOM >
     TO FILE < F:/Vibration/lool-Inds-Vibration/hardware/v2.0/pcb/SOLDERMASK_BOTTOM.art > ...
================================================================

  FILM PARAMETERS :
  ---------------------------------------------------------
  Undefined line width                1.000
  Mirror code                         NONE
  Rotate angle                        NONE
  Offset x:                           0.000
  Offset y:                           0.000
  Plot negative                       NO
  Suppress unconnected internal pads  NO
  Draw holes only                     NO



  APERTURES USED:
  ---------------------------------------------------------
  TYPE       SIZE/NAME                   ROT   MIRROR MODE 
  ---------------------------------------------------------
  CIRCLE     0.03543                                  DARK 
  CIRCLE     0.05906                                  DARK 
  CIRCLE     0.06299                                  DARK 
  CIRCLE     0.07087                                  DARK 
  CIRCLE     0.09449                                  DARK 
  CIRCLE     0.09842                                  DARK 
  SQUARE     0.05906                     0.000 NO     DARK 
  SQUARE     0.06299                     0.000 NO     DARK 
  SQUARE     0.07087                     0.000 NO     DARK 
  RECTANGLE  0.03543     x 0.02126       0.000 NO     DARK 
  RECTANGLE  0.03543     x 0.02126      90.000 NO     DARK 
  RECTANGLE  0.05512     x 0.02953       0.000 NO     DARK 
  RECTANGLE  0.05512     x 0.04331      90.000 NO     DARK 
  RECTANGLE  0.08661     x 0.03740       0.000 NO     DARK 

     SOLDERMASK_BOTTOM created.


================================================================
     PROCESSING FILM < PASTEMASK_TOP >
     TO FILE < F:/Vibration/lool-Inds-Vibration/hardware/v2.0/pcb/PASTEMASK_TOP.art > ...
================================================================

  FILM PARAMETERS :
  ---------------------------------------------------------
  Undefined line width                1.000
  Mirror code                         NONE
  Rotate angle                        NONE
  Offset x:                           0.000
  Offset y:                           0.000
  Plot negative                       NO
  Suppress unconnected internal pads  NO
  Draw holes only                     NO



  APERTURES USED:
  ---------------------------------------------------------
  TYPE       SIZE/NAME                   ROT   MIRROR MODE 
  ---------------------------------------------------------
  SQUARE     0.03347                     0.000 NO     DARK 
  SQUARE     0.09055                     0.000 NO     DARK 
  RECTANGLE  0.03543     x 0.02126       0.000 NO     DARK 
  RECTANGLE  0.03543     x 0.02126      90.000 NO     DARK 
  RECTANGLE  0.03937     x 0.02362       0.000 NO     DARK 
  RECTANGLE  0.03937     x 0.02362      90.000 NO     DARK 
  RECTANGLE  0.04134     x 0.02362       0.000 NO     DARK 
  RECTANGLE  0.04331     x 0.03150       0.000 NO     DARK 
  RECTANGLE  0.04528     x 0.02953      90.000 NO     DARK 
  RECTANGLE  0.04762     x 0.03974       0.000 NO     DARK 
  RECTANGLE  0.04848     x 0.03667      90.000 NO     DARK 
  RECTANGLE  0.05118     x 0.02165      90.000 NO     DARK 
  RECTANGLE  0.05512     x 0.02953       0.000 NO     DARK 
  RECTANGLE  0.05512     x 0.02953      90.000 NO     DARK 
  RECTANGLE  0.05512     x 0.04331       0.000 NO     DARK 
  RECTANGLE  0.05709     x 0.01772       0.000 NO     DARK 
  RECTANGLE  0.05906     x 0.01181       0.000 NO     DARK 
  RECTANGLE  0.05906     x 0.01181      90.000 NO     DARK 
  RECTANGLE  0.05906     x 0.01772       0.000 NO     DARK 
  RECTANGLE  0.06102     x 0.02362       0.000 NO     DARK 
  RECTANGLE  0.06102     x 0.02362      90.000 NO     DARK 
  RECTANGLE  0.06299     x 0.06299      90.000 NO     DARK 
  RECTANGLE  0.06496     x 0.02559       0.000 NO     DARK 
  RECTANGLE  0.06890     x 0.03937      90.000 NO     DARK 
  RECTANGLE  0.07677     x 0.02362      90.000 NO     DARK 
  RECTANGLE  0.08661     x 0.03740       0.000 NO     DARK 
  RECTANGLE  0.09055     x 0.07087       0.000 NO     DARK 
  RECTANGLE  0.09055     x 0.07087      90.000 NO     DARK 
  RECTANGLE  0.09367     x 0.05823       0.000 NO     DARK 
  RECTANGLE  0.09524     x 0.05390      90.000 NO     DARK 
  RECTANGLE  0.09842     x 0.09055       0.000 NO     DARK 
  RECTANGLE  0.12795     x 0.07874      90.000 NO     DARK 
  OBLONG     0.04921     x 0.02165      90.000 NO     DARK 
  OBLONG     0.05315     x 0.01772      90.000 NO     DARK 

     PASTEMASK_TOP created.


================================================================
     PROCESSING FILM < PASTEMASK_BOTTOM >
     TO FILE < F:/Vibration/lool-Inds-Vibration/hardware/v2.0/pcb/PASTEMASK_BOTTOM.art > ...
================================================================

  FILM PARAMETERS :
  ---------------------------------------------------------
  Undefined line width                1.000
  Mirror code                         NONE
  Rotate angle                        NONE
  Offset x:                           0.000
  Offset y:                           0.000
  Plot negative                       NO
  Suppress unconnected internal pads  NO
  Draw holes only                     NO



  APERTURES USED:
  ---------------------------------------------------------
  TYPE       SIZE/NAME                   ROT   MIRROR MODE 
  ---------------------------------------------------------
  RECTANGLE  0.03543     x 0.02126       0.000 NO     DARK 
  RECTANGLE  0.03543     x 0.02126      90.000 NO     DARK 
  RECTANGLE  0.05512     x 0.02953       0.000 NO     DARK 
  RECTANGLE  0.05512     x 0.04331      90.000 NO     DARK 
  RECTANGLE  0.08661     x 0.03740       0.000 NO     DARK 

     PASTEMASK_BOTTOM created.


================================================================
     PROCESSING FILM < SILKSCREEN_TOP >
     TO FILE < F:/Vibration/lool-Inds-Vibration/hardware/v2.0/pcb/SILKSCREEN_TOP.art > ...
================================================================

  FILM PARAMETERS :
  ---------------------------------------------------------
  Undefined line width                1.000
  Mirror code                         NONE
  Rotate angle                        NONE
  Offset x:                           0.000
  Offset y:                           0.000
  Plot negative                       NO
  Suppress unconnected internal pads  NO
  Draw holes only                     NO



  APERTURES USED:
  ---------------------------------------------------------
  TYPE       SIZE/NAME                   ROT   MIRROR MODE 
  ---------------------------------------------------------
  CIRCLE     0.00394                                  DARK 
  CIRCLE     0.00400                                  DARK 
  CIRCLE     0.00787                                  DARK 
  CIRCLE     0.00800                                  DARK 
  CIRCLE     0.00984                                  DARK 
  CIRCLE     0.01200                                  DARK 
  CIRCLE     0.01500                                  DARK 
  CIRCLE     0.01968                                  DARK 

     SILKSCREEN_TOP created.


================================================================
     PROCESSING FILM < SILKSCREEN_BOTTOM >
     TO FILE < F:/Vibration/lool-Inds-Vibration/hardware/v2.0/pcb/SILKSCREEN_BOTTOM.art > ...
================================================================

  FILM PARAMETERS :
  ---------------------------------------------------------
  Undefined line width                1.000
  Mirror code                         NONE
  Rotate angle                        NONE
  Offset x:                           0.000
  Offset y:                           0.000
  Plot negative                       NO
  Suppress unconnected internal pads  NO
  Draw holes only                     NO



  APERTURES USED:
  ---------------------------------------------------------
  TYPE       SIZE/NAME                   ROT   MIRROR MODE 
  ---------------------------------------------------------
  CIRCLE     0.00394                                  DARK 
  CIRCLE     0.00787                                  DARK 
  CIRCLE     0.00984                                  DARK 

     SILKSCREEN_BOTTOM created.


================================================================
     PROCESSING FILM < DRILL >
     TO FILE < F:/Vibration/lool-Inds-Vibration/hardware/v2.0/pcb/DRILL.art > ...
================================================================

  FILM PARAMETERS :
  ---------------------------------------------------------
  Undefined line width                1.000
  Mirror code                         NONE
  Rotate angle                        NONE
  Offset x:                           0.000
  Offset y:                           0.000
  Plot negative                       NO
  Suppress unconnected internal pads  NO
  Draw holes only                     NO

    WARNING: 0 width line found at (5294.000 180.000)
           ... using undefined line width of 1.000

    WARNING: Multiple 0 width lines; all will be treated the same as the first.
           ... using undefined line width of 1.000

    WARNING: text composed 0 width line found at (5743.500 2742.500)
           ... using undefined line width of 1.000

    WARNING: text having Multiple 0 width lines; all will be treated the same as the first.
           ... using undefined line width of 1.000



  APERTURES USED:
  ---------------------------------------------------------
  TYPE       SIZE/NAME                   ROT   MIRROR MODE 
  ---------------------------------------------------------
  CIRCLE     0.00100                                  DARK 

     DRILL created with warnings


------------------------------------------------------
 SUMMARY:
        TOP created with warnings
        GND created.
        POWER created with warnings
        BOTTOM created with warnings
        SOLDERMASK_TOP created.
        SOLDERMASK_BOTTOM created.
        PASTEMASK_TOP created.
        PASTEMASK_BOTTOM created.
        SILKSCREEN_TOP created.
        SILKSCREEN_BOTTOM created.
        DRILL created with warnings

 ARTWORK had warnings
