(---------------------------------------------------------------------)
(                                                                     )
(    QUICKPLACE LOG                                                   )
(                                                                     )
(    Drawing          : vibration.brd                                 )
(    Software Version : 16.6-2015S065                                 )
(    Date/Time        : Thu May 05 20:05:02 2016                      )
(                                                                     )
(---------------------------------------------------------------------)


State: Placing on layer TOP

         Placed symbol:  U26 / MP1584_MP1584-SOIC8_MP1584 / MP1584-SOIC8 at (157.138 4388.768)
         Placed symbol:  C174 / CAP+_CAP-6032_10UF35V / CAP-6032 at (466.351 4357.272)
         Placed symbol:  C168 / CAP_0603_150PF / 0603 at (683.347 4304.122)
         Placed symbol:  C177 / CAP_1206_22UF / 1206 at (830.355 4325.776)
         Placed symbol:  D11 / 1N5819_SMA_B340A-13-F / SMA at (1000.406 4331.681)
         Placed symbol:  R102 / RES_0603_100K / 0603 at (1274.488 4304.122)
         Placed symbol:  L6 / INDUCTOR_L-7-7-3_15UH / L-7-7-3 at (1502.205 4428.138)
         Placed symbol:  R99 / RES_0603_20K / 0603 at (1738.886 4304.122)
         Placed symbol:  R100 / RES_0603_120K / 0603 at (1850.764 4304.122)
         Placed symbol:  R101 / RES_0603_100K / 0603 at (1962.642 4304.122)
         Placed symbol:  C175 / CAP_0603_0.1UF / 0603 at (2074.520 4304.122)
         Placed symbol:  C176 / CAP_0603_0.1UF / 0603 at (2186.398 4304.122)


Placed 12 of 12 applicable (12 total) symbols.

-----------------------------------------------------------------------

State: Placing on layer TOP



Placed 0 of 0 applicable (0 total) symbols.

-----------------------------------------------------------------------

