Mon Sep 05 16:00:04 2016				Page     1


 
Update Symbols/Modules Logfile
	Mon Sep 05 16:00:04 2016

------ Module Refresh Messages ------

SUMMARY:    Updated 0 out of 0 modules

------ End Module Messages     ------



(---------------------------------------------------------------------)
(                                                                     )
(    Refresh Symbol                                                   )
(                                                                     )
(    Drawing          : vibration.brd                                 )
(    Software Version : 16.6-2015S066                                 )
(    Date/Time        : Mon Sep 05 16:00:05 2016                      )
(                                                                     )
(---------------------------------------------------------------------)


Mon Sep 05 16:00:05 2016				Page     1


------ Symbol Refresh Directives ------

Input design  = 'F:/Vibration/lool-Inds-Vibration/hardware/v2.0/pcb/vibration.brd'
Output design = ''

Update mechanical symbols              = 'NO'
Update format symbols                  = 'NO'
Update package symbols                 = 'NO'
Update shape/flash symbols             = 'NO'
Update symbol padstacks                = 'NO'
Preserve padstacks replaced on pins    = 'NO'
Reset symbol text and size locations   = 'NO'
Reset Pin Escapes (fanouts)            = 'NO'
Ripup Etch                             = 'NO'
Reset custom drill data                = 'NO'
Symbol list file                       = 'C:/Users/DaQi/AppData/Local/Temp/#Taaaaab09156.tmp'


------ Library Paths ------
PSMPATH =  F:/CADENCE LIB/cadence-lib-new/PSM/ 

PADPATH =  F:/CADENCE LIB/cadence-lib-new/PAD/ 


------ Symbol Refresh Messages ------

'1N457-DIP'  symbol refreshed successfully.


----- Symbol Update Summary ----

Updated symbols: 1 out 1
    Design updated.

